app/build/intermediates/manifest_merge_blame_file/debug/manifest-merger-blame-debug-report.txt
1<?xml version="1.0" encoding="utf-8"?>
2<manifest xmlns:android="http://schemas.android.com/apk/res/android"
3    package="com.lakj.comspace.simpletextclient"
4    android:versionCode="1"
5    android:versionName="1.0" >
6
7    <uses-sdk
7-->src\main\AndroidManifest.xml:9:5-47
8        android:minSdkVersion="19"
8-->src\main\AndroidManifest.xml:9:5-47
9        android:targetSdkVersion="23" />
9-->src\main\AndroidManifest.xml:9:15-44
10
11    <uses-permission android:name="android.permission.SEND_SMS" />
11-->src\main\AndroidManifest.xml:7:5-66
11-->src\main\AndroidManifest.xml:7:22-64
12    <uses-permission android:name="android.permission.INTERNET" />
12-->src\main\AndroidManifest.xml:11:5-67
12-->src\main\AndroidManifest.xml:11:22-64
13    <uses-permission
14        name="android.permission.WRITE_EXTERNAL_STORAGE"
15        android:name="android.permission.WRITE_EXTERNAL_STORAGE" />
16    <uses-permission
17        name="android.permission.READ_PHONE_STATE"
18        android:name="android.permission.READ_PHONE_STATE" />
19    <uses-permission
20        name="android.permission.READ_EXTERNAL_STORAGE"
21        android:name="android.permission.READ_EXTERNAL_STORAGE" />
22
23    <application
23-->src\main\AndroidManifest.xml:20:5-57:19
24        android:allowBackup="true"
24-->src\main\AndroidManifest.xml:21:9-35
25        android:debuggable="true"
26        android:icon="@drawable/applogo"
26-->src\main\AndroidManifest.xml:22:9-41
27        android:label="@string/app_name"
27-->src\main\AndroidManifest.xml:23:9-41
28        android:testOnly="true"
29        android:theme="@android:style/Theme.NoTitleBar" >
29-->src\main\AndroidManifest.xml:24:9-56
30        <activity
30-->src\main\AndroidManifest.xml:25:9-28:20
31            android:name="com.lakj.comspace.simpletextclient.SlimpleTextClientActivity"
31-->src\main\AndroidManifest.xml:26:13-54
32            android:label="@string/app_name" >
32-->src\main\AndroidManifest.xml:27:13-45
33        </activity>
34        <activity
34-->src\main\AndroidManifest.xml:29:9-37:20
35            android:name="com.lakj.comspace.simpletextclient.VirtualWaitress"
35-->src\main\AndroidManifest.xml:30:13-44
36            android:label="Food Ordering System" >
36-->src\main\AndroidManifest.xml:31:13-49
37            <intent-filter>
37-->src\main\AndroidManifest.xml:32:13-36:29
38                <action android:name="android.intent.action.MAIN" />
38-->src\main\AndroidManifest.xml:33:17-69
38-->src\main\AndroidManifest.xml:33:25-66
39
40                <category android:name="android.intent.category.LAUNCHER" />
40-->src\main\AndroidManifest.xml:35:17-77
40-->src\main\AndroidManifest.xml:35:27-74
41            </intent-filter>
42        </activity>
43        <activity android:name="com.lakj.comspace.simpletextclient.Order_Type" >
43-->src\main\AndroidManifest.xml:38:9-39:20
43-->src\main\AndroidManifest.xml:38:19-45
44        </activity>
45        <activity android:name="com.lakj.comspace.simpletextclient.Starters" >
45-->src\main\AndroidManifest.xml:40:9-41:20
45-->src\main\AndroidManifest.xml:40:19-43
46        </activity>
47        <activity android:name="com.lakj.comspace.simpletextclient.Veg" >
47-->src\main\AndroidManifest.xml:42:9-43:20
47-->src\main\AndroidManifest.xml:42:19-38
48        </activity>
49        <activity android:name="com.lakj.comspace.simpletextclient.N_Veg" >
49-->src\main\AndroidManifest.xml:44:9-45:20
49-->src\main\AndroidManifest.xml:44:19-40
50        </activity>
51        <activity android:name="com.lakj.comspace.simpletextclient.Dessert" >
51-->src\main\AndroidManifest.xml:46:9-47:20
51-->src\main\AndroidManifest.xml:46:19-42
52        </activity>
53        <activity
53-->src\main\AndroidManifest.xml:49:9-52:20
54            android:name="com.lakj.comspace.simpletextclient.finalize_order"
54-->src\main\AndroidManifest.xml:50:13-43
55            android:label="@string/title_activity_finalize_order" >
55-->src\main\AndroidManifest.xml:51:13-66
56        </activity>
57        <activity
57-->src\main\AndroidManifest.xml:53:9-56:20
58            android:name="com.lakj.comspace.simpletextclient.thankyou"
58-->src\main\AndroidManifest.xml:54:13-37
59            android:label="@string/title_activity_thankyou" >
59-->src\main\AndroidManifest.xml:55:13-60
60        </activity>
61    </application>
62
63</manifest>